This is pdfTeX, Version 3.1415926-2.5-1.40.14 (TeX Live 2013) (format=pdflatex 2014.3.11)  23 MAY 2015 19:56
entering extended mode
 restricted \write18 enabled.
 %&-line parsing enabled.
**/home/eskandari/MyPHDProjects/My-PHD-Projects/STop/CMSSW_5_3_7_patch1/src/Not
es/notes/tmp/AN-13-357_temp.tex

(/home/eskandari/MyPHDProjects/My-PHD-Projects/STop/CMSSW_5_3_7_patch1/src/Note
s/notes/tmp/AN-13-357_temp.tex
LaTeX2e <2011/06/27>
Babel <3.9f> and hyphenation patterns for 78 languages loaded.

(/home/eskandari/MyPHDProjects/My-PHD-Projects/STop/CMSSW_5_3_7_patch1/src/Note
s/notes/general/cms-tdr.cls
=======================================================
 
 CMS TDR/NOTE style. Version 194681
 
 Lucas Taylor, 2013-07-07
 
=======================================================
Document Class: cms-tdr 2006/12/21
(/dataLOCAL/texlive/2013/texmf-dist/tex/latex/base/ifthen.sty
Package: ifthen 2001/05/26 v1.1c Standard LaTeX ifthen package (DPC)
)
Using article 11pt\ option
Using article twoside\ option
Using article a4paper\ option
Not using cms note sub-class
(/dataLOCAL/texlive/2013/texmf-dist/tex/latex/base/article.cls
Document Class: article 2007/10/19 v1.4h Standard LaTeX document class
(/dataLOCAL/texlive/2013/texmf-dist/tex/latex/base/size11.clo
File: size11.clo 2007/10/19 v1.4h Standard LaTeX file (size option)
)
\c@part=\count79
\c@section=\count80
\c@subsection=\count81
\c@subsubsection=\count82
\c@paragraph=\count83
\c@subparagraph=\count84
\c@figure=\count85
\c@table=\count86
\abovecaptionskip=\skip41
\belowcaptionskip=\skip42
\bibindent=\dimen102
) (/dataLOCAL/texlive/2013/texmf-dist/tex/latex/fancybox/fancybox.sty
Package: fancybox 2010/05/15 1.4
Style option: `fancybox' v1.4 <2010/05/15> (tvz)
\@fancybox=\box26
\shadowsize=\dimen103
\@Sbox=\box27
\do@VerbBox=\toks14
\the@fancyput=\toks15
\this@fancyput=\toks16
\EndVerbatimTokens=\toks17
\Verbatim@Outfile=\write3
\Verbatim@Infile=\read1
) (/dataLOCAL/texlive/2013/texmf-dist/tex/latex/tools/multicol.sty
Package: multicol 2011/06/27 v1.7a multicolumn formatting (FMi)
\c@tracingmulticols=\count87
\mult@box=\box28
\multicol@leftmargin=\dimen104
\c@unbalance=\count88
\c@collectmore=\count89
\doublecol@number=\count90
\multicoltolerance=\count91
\multicolpretolerance=\count92
\full@width=\dimen105
\page@free=\dimen106
\premulticols=\dimen107
\postmulticols=\dimen108
\multicolsep=\skip43
\multicolbaselineskip=\skip44
\partial@page=\box29
\last@line=\box30
\mult@rightbox=\box31
\mult@grightbox=\box32
\mult@gfirstbox=\box33
\mult@firstbox=\box34
\@tempa=\box35
\@tempa=\box36
\@tempa=\box37
\@tempa=\box38
\@tempa=\box39
\@tempa=\box40
\@tempa=\box41
\@tempa=\box42
\@tempa=\box43
\@tempa=\box44
\@tempa=\box45
\@tempa=\box46
\@tempa=\box47
\@tempa=\box48
\@tempa=\box49
\@tempa=\box50
\@tempa=\box51
\c@columnbadness=\count93
\c@finalcolumnbadness=\count94
\last@try=\dimen109
\multicolovershoot=\dimen110
\multicolundershoot=\dimen111
\mult@nat@firstbox=\box52
\colbreak@box=\box53
\multicol@sort@counter=\count95
) (/dataLOCAL/texlive/2013/texmf-dist/tex/latex/tools/longtable.sty
Package: longtable 2004/02/01 v4.11 Multi-page Table package (DPC)
\LTleft=\skip45
\LTright=\skip46
\LTpre=\skip47
\LTpost=\skip48
\LTchunksize=\count96
\LTcapwidth=\dimen112
\LT@head=\box54
\LT@firsthead=\box55
\LT@foot=\box56
\LT@lastfoot=\box57
\LT@cols=\count97
\LT@rows=\count98
\c@LT@tables=\count99
\c@LT@chunks=\count100
\LT@p@ftn=\toks18
) (/dataLOCAL/texlive/2013/texmf-dist/tex/latex/tools/array.sty
Package: array 2008/09/09 v2.4c Tabular extension package (FMi)
\col@sep=\dimen113
\extrarowheight=\dimen114
\NC@list=\toks19
\extratabsurround=\skip49
\backup@length=\skip50
)
(/home/eskandari/MyPHDProjects/My-PHD-Projects/STop/CMSSW_5_3_7_patch1/src/Note
s/notes/AN-13-357/trunk/lineno.sty
Package: lineno 2005/11/02 line numbers on paragraphs v4.41
\linenopenalty=\count101
\output=\toks20
\linenoprevgraf=\count102
\linenumbersep=\dimen115
\linenumberwidth=\dimen116
\c@linenumber=\count103
\c@pagewiselinenumber=\count104
\c@LN@truepage=\count105
\c@internallinenumber=\count106
\c@internallinenumbers=\count107
\quotelinenumbersep=\dimen117
\bframerule=\dimen118
\bframesep=\dimen119
\bframebox=\box58
LaTeX Info: Redefining \\ on input line 3056.
) (/dataLOCAL/texlive/2013/texmf-dist/tex/latex/fancyhdr/fancyhdr.sty
\fancy@headwidth=\skip51
\f@ncyO@elh=\skip52
\f@ncyO@erh=\skip53
\f@ncyO@olh=\skip54
\f@ncyO@orh=\skip55
\f@ncyO@elf=\skip56
\f@ncyO@erf=\skip57
\f@ncyO@olf=\skip58
\f@ncyO@orf=\skip59
) (/dataLOCAL/texlive/2013/texmf-dist/tex/latex/subfig/subfig.sty
Package: subfig 2005/06/28 ver: 1.3 subfig package
(/dataLOCAL/texlive/2013/texmf-dist/tex/latex/graphics/keyval.sty
Package: keyval 1999/03/16 v1.13 key=value parser (DPC)
\KV@toks@=\toks21
) (/dataLOCAL/texlive/2013/texmf-dist/tex/latex/caption/caption.sty
Package: caption 2013/05/02 v3.3-89 Customizing captions (AR)
(/dataLOCAL/texlive/2013/texmf-dist/tex/latex/caption/caption3.sty
Package: caption3 2013/05/02 v1.6-88 caption3 kernel (AR)
Package caption3 Info: TeX engine: e-TeX on input line 57.
\captionmargin=\dimen120
\captionmargin@=\dimen121
\captionwidth=\dimen122
\caption@tempdima=\dimen123
\caption@indent=\dimen124
\caption@parindent=\dimen125
\caption@hangindent=\dimen126
)
\c@ContinuedFloat=\count108
Package caption Info: longtable package is loaded.
(/dataLOCAL/texlive/2013/texmf-dist/tex/latex/caption/ltcaption.sty
Package: ltcaption 2013/02/03 v1.3-62 longtable captions (AR)
))
\c@KVtest=\count109
\sf@farskip=\skip60
\sf@captopadj=\dimen127
\sf@capskip=\skip61
\sf@nearskip=\skip62
\c@subfigure=\count110
\c@subfigure@save=\count111
\c@lofdepth=\count112
\c@subtable=\count113
\c@subtable@save=\count114
\c@lotdepth=\count115
\sf@top=\skip63
\sf@bottom=\skip64
) (/dataLOCAL/texlive/2013/texmf-dist/tex/latex/tools/xspace.sty
Package: xspace 2009/10/20 v1.13 Space after command names (DPC,MH)
) (/dataLOCAL/texlive/2013/texmf-dist/tex/latex/multirow/multirow.sty
\bigstrutjot=\dimen128
) (/dataLOCAL/texlive/2013/texmf-dist/tex/latex/tools/dcolumn.sty
Package: dcolumn 2001/05/28 v1.06 decimal alignment package (DPC)
) (/dataLOCAL/texlive/2013/texmf-dist/tex/latex/xcolor/xcolor.sty
Package: xcolor 2007/01/21 v2.11 LaTeX color extensions (UK)
(/dataLOCAL/texlive/2013/texmf-dist/tex/latex/latexconfig/color.cfg
File: color.cfg 2007/01/18 v1.5 color configuration of teTeX/TeXLive
)
Package xcolor Info: Package option `usenames' ignored on input line 216.
Package xcolor Info: Driver file: pdftex.def on input line 225.
(/dataLOCAL/texlive/2013/texmf-dist/tex/latex/pdftex-def/pdftex.def
File: pdftex.def 2011/05/27 v0.06d Graphics/color for pdfTeX
(/dataLOCAL/texlive/2013/texmf-dist/tex/generic/oberdiek/infwarerr.sty
Package: infwarerr 2010/04/08 v1.3 Providing info/warning/error messages (HO)
) (/dataLOCAL/texlive/2013/texmf-dist/tex/generic/oberdiek/ltxcmds.sty
Package: ltxcmds 2011/11/09 v1.22 LaTeX kernel commands for general use (HO)
)
\Gread@gobject=\count116
) (/dataLOCAL/texlive/2013/texmf-dist/tex/latex/colortbl/colortbl.sty
Package: colortbl 2012/02/13 v1.0a Color table columns (DPC)
\everycr=\toks22
\minrowclearance=\skip65
)
\rownum=\count117
Package xcolor Info: Model `cmy' substituted by `cmy0' on input line 1337.
Package xcolor Info: Model `hsb' substituted by `rgb' on input line 1341.
Package xcolor Info: Model `RGB' extended on input line 1353.
Package xcolor Info: Model `HTML' substituted by `rgb' on input line 1355.
Package xcolor Info: Model `Hsb' substituted by `hsb' on input line 1356.
Package xcolor Info: Model `tHsb' substituted by `hsb' on input line 1357.
Package xcolor Info: Model `HSB' substituted by `hsb' on input line 1358.
Package xcolor Info: Model `Gray' substituted by `gray' on input line 1359.
Package xcolor Info: Model `wave' substituted by `hsb' on input line 1360.
(/dataLOCAL/texlive/2013/texmf-dist/tex/latex/graphics/dvipsnam.def
File: dvipsnam.def 1999/02/16 v3.0i Driver-dependant file (DPC,SPQR)
)) (/dataLOCAL/texlive/2013/texmf-dist/tex/latex/amsmath/amsmath.sty
Package: amsmath 2013/01/14 v2.14 AMS math features
\@mathmargin=\skip66
For additional information on amsmath, use the `?' option.
(/dataLOCAL/texlive/2013/texmf-dist/tex/latex/amsmath/amstext.sty
Package: amstext 2000/06/29 v2.01
(/dataLOCAL/texlive/2013/texmf-dist/tex/latex/amsmath/amsgen.sty
File: amsgen.sty 1999/11/30 v2.0
\@emptytoks=\toks23
\ex@=\dimen129
)) (/dataLOCAL/texlive/2013/texmf-dist/tex/latex/amsmath/amsbsy.sty
Package: amsbsy 1999/11/29 v1.2d
\pmbraise@=\dimen130
) (/dataLOCAL/texlive/2013/texmf-dist/tex/latex/amsmath/amsopn.sty
Package: amsopn 1999/12/14 v2.01 operator names
)
\inf@bad=\count118
LaTeX Info: Redefining \frac on input line 210.
\uproot@=\count119
\leftroot@=\count120
LaTeX Info: Redefining \overline on input line 306.
\classnum@=\count121
\DOTSCASE@=\count122
LaTeX Info: Redefining \ldots on input line 378.
LaTeX Info: Redefining \dots on input line 381.
LaTeX Info: Redefining \cdots on input line 466.
\Mathstrutbox@=\box59
\strutbox@=\box60
\big@size=\dimen131
LaTeX Font Info:    Redeclaring font encoding OML on input line 566.
LaTeX Font Info:    Redeclaring font encoding OMS on input line 567.
\macc@depth=\count123
\c@MaxMatrixCols=\count124
\dotsspace@=\muskip10
\c@parentequation=\count125
\dspbrk@lvl=\count126
\tag@help=\toks24
\row@=\count127
\column@=\count128
\maxfields@=\count129
\andhelp@=\toks25
\eqnshift@=\dimen132
\alignsep@=\dimen133
\tagshift@=\dimen134
\tagwidth@=\dimen135
\totwidth@=\dimen136
\lineht@=\dimen137
\@envbody=\toks26
\multlinegap=\skip67
\multlinetaggap=\skip68
\mathdisplay@stack=\toks27
LaTeX Info: Redefining \[ on input line 2665.
LaTeX Info: Redefining \] on input line 2666.
) (/dataLOCAL/texlive/2013/texmf-dist/tex/latex/amsfonts/amssymb.sty
Package: amssymb 2013/01/14 v3.01 AMS font symbols
(/dataLOCAL/texlive/2013/texmf-dist/tex/latex/amsfonts/amsfonts.sty
Package: amsfonts 2013/01/14 v3.01 Basic AMSFonts support
\symAMSa=\mathgroup4
\symAMSb=\mathgroup5
LaTeX Font Info:    Overwriting math alphabet `\mathfrak' in version `bold'
(Font)                  U/euf/m/n --> U/euf/b/n on input line 106.
))
(/home/eskandari/MyPHDProjects/My-PHD-Projects/STop/CMSSW_5_3_7_patch1/src/Note
s/notes/general/pennames-pazo.sty)
(/home/eskandari/MyPHDProjects/My-PHD-Projects/STop/CMSSW_5_3_7_patch1/src/Note
s/notes/general/topcapt.sty
Package: topcapt 2004/12/11 v1.2 Caption at top of float
) (/dataLOCAL/texlive/2013/texmf-dist/tex/generic/oberdiek/ifpdf.sty
Package: ifpdf 2011/01/30 v2.3 Provides the ifpdf switch (HO)
Package ifpdf Info: pdfTeX in PDF mode is detected.
)
(/home/eskandari/MyPHDProjects/My-PHD-Projects/STop/CMSSW_5_3_7_patch1/src/Note
s/notes/general/pdfdraftcopy.sty
Package: pdfdraftcopy 2003/08/11 1.2 Draft copy in PDF (CVR)
(/dataLOCAL/texlive/2013/texmf-dist/tex/latex/graphics/graphicx.sty
Package: graphicx 1999/02/16 v1.0f Enhanced LaTeX Graphics (DPC,SPQR)
(/dataLOCAL/texlive/2013/texmf-dist/tex/latex/graphics/graphics.sty
Package: graphics 2009/02/05 v1.0o Standard LaTeX Graphics (DPC,SPQR)
(/dataLOCAL/texlive/2013/texmf-dist/tex/latex/graphics/trig.sty
Package: trig 1999/03/16 v1.09 sin cos tan (DPC)
) (/dataLOCAL/texlive/2013/texmf-dist/tex/latex/latexconfig/graphics.cfg
File: graphics.cfg 2010/04/23 v1.9 graphics configuration of TeX Live
)
Package graphics Info: Driver file: pdftex.def on input line 91.
)
\Gin@req@height=\dimen138
\Gin@req@width=\dimen139
)
(/home/eskandari/MyPHDProjects/My-PHD-Projects/STop/CMSSW_5_3_7_patch1/src/Note
s/notes/general/changepage.sty
Package: changepage 2009/10/20 v1.0c check page and change page layout
\c@cp@cntr=\count130
\cp@tempcnt=\count131
)
\LLY=\dimen140
\LLX=\dimen141
\URX=\dimen142
\URY=\dimen143
\topmargin=\dimen144
\bottommargin=\dimen145
)
(/home/eskandari/MyPHDProjects/My-PHD-Projects/STop/CMSSW_5_3_7_patch1/src/Note
s/notes/general/ptdr-definitions.sty) (/dataLOCAL/texlive/2013/texmf-dist/tex/l
atex/psnfss/palatino.sty
Package: palatino 2005/04/12 PSNFSS-v9.2a (SPQR) 
) (/dataLOCAL/texlive/2013/texmf-dist/tex/latex/psnfss/mathpazo.sty
Package: mathpazo 2005/04/12 PSNFSS-v9.2a Palatino w/ Pazo Math (D.Puga, WaS) 
\symupright=\mathgroup6
) (/dataLOCAL/texlive/2013/texmf-dist/tex/latex/psnfss/helvet.sty
Package: helvet 2005/04/12 PSNFSS-v9.2a (WaS) 
) (/dataLOCAL/texlive/2013/texmf-dist/tex/latex/sectsty/sectsty.sty
Package: sectsty 2002/02/25 v2.0.2 Commands to change all sectional heading sty
les
)
\parskipsaved=\skip69
(/dataLOCAL/texlive/2013/texmf-dist/tex/latex/graphics/lscape.sty
Package: lscape 2000/10/22 v3.01 Landscape Pages (DPC)
) (/dataLOCAL/texlive/2013/texmf-dist/tex/latex/rotating/rotating.sty
Package: rotating 2009/03/28 v2.16a rotated objects in LaTeX
\c@r@tfl@t=\count132
\rotFPtop=\skip70
\rotFPbot=\skip71
\rot@float@box=\box61
\rot@mess@toks=\toks28
) (/dataLOCAL/texlive/2013/texmf-dist/tex/latex/hyperref/hyperref.sty
Package: hyperref 2012/11/06 v6.83m Hypertext links for LaTeX
(/dataLOCAL/texlive/2013/texmf-dist/tex/generic/oberdiek/hobsub-hyperref.sty
Package: hobsub-hyperref 2012/05/28 v1.13 Bundle oberdiek, subset hyperref (HO)

(/dataLOCAL/texlive/2013/texmf-dist/tex/generic/oberdiek/hobsub-generic.sty
Package: hobsub-generic 2012/05/28 v1.13 Bundle oberdiek, subset generic (HO)
Package: hobsub 2012/05/28 v1.13 Construct package bundles (HO)
Package hobsub Info: Skipping package `infwarerr' (already loaded).
Package hobsub Info: Skipping package `ltxcmds' (already loaded).
Package: ifluatex 2010/03/01 v1.3 Provides the ifluatex switch (HO)
Package ifluatex Info: LuaTeX not detected.
Package: ifvtex 2010/03/01 v1.5 Detect VTeX and its facilities (HO)
Package ifvtex Info: VTeX not detected.
Package: intcalc 2007/09/27 v1.1 Expandable calculations with integers (HO)
Package hobsub Info: Skipping package `ifpdf' (already loaded).
Package: etexcmds 2011/02/16 v1.5 Avoid name clashes with e-TeX commands (HO)
Package etexcmds Info: Could not find \expanded.
(etexcmds)             That can mean that you are not using pdfTeX 1.50 or
(etexcmds)             that some package has redefined \expanded.
(etexcmds)             In the latter case, load this package earlier.
Package: kvsetkeys 2012/04/25 v1.16 Key value parser (HO)
Package: kvdefinekeys 2011/04/07 v1.3 Define keys (HO)
Package: pdftexcmds 2011/11/29 v0.20 Utility functions of pdfTeX for LuaTeX (HO
)
Package pdftexcmds Info: LuaTeX not detected.
Package pdftexcmds Info: \pdf@primitive is available.
Package pdftexcmds Info: \pdf@ifprimitive is available.
Package pdftexcmds Info: \pdfdraftmode found.
Package: pdfescape 2011/11/25 v1.13 Implements pdfTeX's escape features (HO)
Package: bigintcalc 2012/04/08 v1.3 Expandable calculations on big integers (HO
)
Package: bitset 2011/01/30 v1.1 Handle bit-vector datatype (HO)
Package: uniquecounter 2011/01/30 v1.2 Provide unlimited unique counter (HO)
)
Package hobsub Info: Skipping package `hobsub' (already loaded).
Package: letltxmacro 2010/09/02 v1.4 Let assignment for LaTeX macros (HO)
Package: hopatch 2012/05/28 v1.2 Wrapper for package hooks (HO)
Package: xcolor-patch 2011/01/30 xcolor patch
Package: atveryend 2011/06/30 v1.8 Hooks at the very end of document (HO)
Package atveryend Info: \enddocument detected (standard20110627).
Package: atbegshi 2011/10/05 v1.16 At begin shipout hook (HO)
Package: refcount 2011/10/16 v3.4 Data extraction from label references (HO)
Package: hycolor 2011/01/30 v1.7 Color options for hyperref/bookmark (HO)
) (/dataLOCAL/texlive/2013/texmf-dist/tex/generic/ifxetex/ifxetex.sty
Package: ifxetex 2010/09/12 v0.6 Provides ifxetex conditional
) (/dataLOCAL/texlive/2013/texmf-dist/tex/latex/oberdiek/auxhook.sty
Package: auxhook 2011/03/04 v1.3 Hooks for auxiliary files (HO)
) (/dataLOCAL/texlive/2013/texmf-dist/tex/latex/oberdiek/kvoptions.sty
Package: kvoptions 2011/06/30 v3.11 Key value format for package options (HO)
)
\@linkdim=\dimen146
\Hy@linkcounter=\count133
\Hy@pagecounter=\count134
(/dataLOCAL/texlive/2013/texmf-dist/tex/latex/hyperref/pd1enc.def
File: pd1enc.def 2012/11/06 v6.83m Hyperref: PDFDocEncoding definition (HO)
)
\Hy@SavedSpaceFactor=\count135
(/dataLOCAL/texlive/2013/texmf-dist/tex/latex/latexconfig/hyperref.cfg
File: hyperref.cfg 2002/06/06 v1.2 hyperref configuration of TeXLive
)
Package hyperref Info: Option `bookmarksnumbered' set `true' on input line 4319
.
Package hyperref Info: Option `bookmarksopen' set `true' on input line 4319.
Package hyperref Info: Option `colorlinks' set `false' on input line 4319.
Package hyperref Info: Option `plainpages' set `false' on input line 4319.
Package hyperref Info: Option `pdfpagelabels' set `true' on input line 4319.
Package hyperref Info: Hyper figures OFF on input line 4443.
Package hyperref Info: Link nesting OFF on input line 4448.
Package hyperref Info: Hyper index ON on input line 4451.
Package hyperref Info: Plain pages OFF on input line 4458.
Package hyperref Info: Backreferencing OFF on input line 4463.
Package hyperref Info: Implicit mode ON; LaTeX internals redefined.
Package hyperref Info: Bookmarks ON on input line 4688.
\c@Hy@tempcnt=\count136
(/dataLOCAL/texlive/2013/texmf-dist/tex/latex/url/url.sty
\Urlmuskip=\muskip11
Package: url 2006/04/12  ver 3.3  Verb mode for urls, etc.
)
LaTeX Info: Redefining \url on input line 5041.
\XeTeXLinkMargin=\dimen147
\Fld@menulength=\count137
\Field@Width=\dimen148
\Fld@charsize=\dimen149
Package hyperref Info: Hyper figures OFF on input line 6295.
Package hyperref Info: Link nesting OFF on input line 6300.
Package hyperref Info: Hyper index ON on input line 6303.
Package hyperref Info: backreferencing OFF on input line 6310.
Package hyperref Info: Link coloring OFF on input line 6315.
Package hyperref Info: Link coloring with OCG OFF on input line 6320.
Package hyperref Info: PDF/A mode OFF on input line 6325.
LaTeX Info: Redefining \ref on input line 6365.
LaTeX Info: Redefining \pageref on input line 6369.
\Hy@abspage=\count138
\c@Item=\count139
\c@Hfootnote=\count140
)

Package hyperref Message: Driver (autodetected): hpdftex.

(/dataLOCAL/texlive/2013/texmf-dist/tex/latex/hyperref/hpdftex.def
File: hpdftex.def 2012/11/06 v6.83m Hyperref driver for pdfTeX
\Fld@listcount=\count141
\c@bookmark@seq@number=\count142
(/dataLOCAL/texlive/2013/texmf-dist/tex/latex/oberdiek/rerunfilecheck.sty
Package: rerunfilecheck 2011/04/15 v1.7 Rerun checks for auxiliary files (HO)
Package uniquecounter Info: New unique counter `rerunfilecheck' on input line 2
82.
)
\Hy@SectionHShift=\skip72
) (/dataLOCAL/texlive/2013/texmf-dist/tex/latex/natbib/natbib.sty
Package: natbib 2010/09/13 8.31b (PWD, AO)
\bibhang=\skip73
\bibsep=\skip74
LaTeX Info: Redefining \cite on input line 694.
\c@NAT@ctr=\count143
)
Defining CMS Note commands
\cmsinstskip=\skip75
\cmsauthskip=\skip76
\c@author=\count144
\c@address=\count145
\CMSabstractbox=\box62
)
(/home/eskandari/MyPHDProjects/My-PHD-Projects/STop/CMSSW_5_3_7_patch1/src/Note
s/notes/tmp/AN-13-357_temp.aux)
\openout1 = `AN-13-357_temp.aux'.

LaTeX Font Info:    Checking defaults for OML/cmm/m/it on input line 16.
LaTeX Font Info:    ... okay on input line 16.
LaTeX Font Info:    Checking defaults for T1/cmr/m/n on input line 16.
LaTeX Font Info:    ... okay on input line 16.
LaTeX Font Info:    Checking defaults for OT1/cmr/m/n on input line 16.
LaTeX Font Info:    ... okay on input line 16.
LaTeX Font Info:    Checking defaults for OMS/cmsy/m/n on input line 16.
LaTeX Font Info:    ... okay on input line 16.
LaTeX Font Info:    Checking defaults for OMX/cmex/m/n on input line 16.
LaTeX Font Info:    ... okay on input line 16.
LaTeX Font Info:    Checking defaults for U/cmr/m/n on input line 16.
LaTeX Font Info:    ... okay on input line 16.
LaTeX Font Info:    Checking defaults for PD1/pdf/m/n on input line 16.
LaTeX Font Info:    ... okay on input line 16.
LaTeX Font Info:    Try loading font information for OT1+ppl on input line 16.
LaTeX Font Info:    <567INP ot1ppl.fd> on input line 16.
(/dataLOCAL/texlive/2013/texmf-dist/tex/latex/psnfss/ot1ppl.fd
File: ot1ppl.fd 2001/06/04 font definitions for OT1/ppl.
)
Package caption Info: Begin \AtBeginDocument code.
Package caption Info: subfig package v1.3 is loaded.
Package caption Info: `topcapt' package detected; setting `position=b' for comp
atibility reasons.
Package caption Info: hyperref package is loaded.
Package caption Info: rotating package is loaded.
Package caption Info: End \AtBeginDocument code.
<567INP supp-pdf.mkii>
(/dataLOCAL/texlive/2013/texmf-dist/tex/context/base/supp-pdf.mkii
[Loading MPS to PDF converter (version 2006.09.02).]
\scratchcounter=\count146
\scratchdimen=\dimen150
\scratchbox=\box63
\nofMPsegments=\count147
\nofMParguments=\count148
\everyMPshowfont=\toks29
\MPscratchCnt=\count149
\MPscratchDim=\dimen151
\MPnumerator=\count150
\makeMPintoPDFobject=\count151
\everyMPtoPDFconversion=\toks30
)
<567INP epstopdf-base.sty>
(/dataLOCAL/texlive/2013/texmf-dist/tex/latex/oberdiek/epstopdf-base.sty
Package: epstopdf-base 2010/02/09 v2.5 Base part for package epstopdf
<567INP grfext.sty>
(/dataLOCAL/texlive/2013/texmf-dist/tex/latex/oberdiek/grfext.sty
Package: grfext 2010/08/19 v1.1 Manage graphics extensions (HO)
)
Package grfext Info: Graphics extension search list:
(grfext)             [.pdf,.PDF,.png,.PNG,.jpg,.JPG,.jpeg,.JPEG,.eps]
(grfext)             \AppendGraphicsExtensions on input line 452.
<567INP epstopdf-sys.cfg>
(/dataLOCAL/texlive/2013/texmf-dist/tex/latex/latexconfig/epstopdf-sys.cfg
File: epstopdf-sys.cfg 2010/07/13 v1.3 Configuration of (r)epstopdf for TeX Liv
e
)
<567INP epstopdf.cfg>
)
\AtBeginShipoutBox=\box64
Package hyperref Info: Link coloring OFF on input line 16.
<567INP nameref.sty>
(/dataLOCAL/texlive/2013/texmf-dist/tex/latex/hyperref/nameref.sty
Package: nameref 2012/10/27 v2.43 Cross-referencing by name of section
<567INP gettitlestring.sty>
(/dataLOCAL/texlive/2013/texmf-dist/tex/generic/oberdiek/gettitlestring.sty
Package: gettitlestring 2010/12/03 v1.4 Cleanup title references (HO)
<567INP gettitlestring.cfg>
)
\c@section@level=\count152
)
LaTeX Info: Redefining \ref on input line 16.
LaTeX Info: Redefining \pageref on input line 16.
LaTeX Info: Redefining \nameref on input line 16.
<567INP AN-13-357_temp.out>

(/home/eskandari/MyPHDProjects/My-PHD-Projects/STop/CMSSW_5_3_7_patch1/src/Note
s/notes/tmp/AN-13-357_temp.out)
<567INP AN-13-357_temp.out>

(/home/eskandari/MyPHDProjects/My-PHD-Projects/STop/CMSSW_5_3_7_patch1/src/Note
s/notes/tmp/AN-13-357_temp.out)
\@outlinefile=\write4
\openout4 = `AN-13-357_temp.out'.

<567INP commands.tex>

(/home/eskandari/MyPHDProjects/My-PHD-Projects/STop/CMSSW_5_3_7_patch1/src/Note
s/notes/AN-13-357/trunk/commands.tex)
\cmsFigWidth=\skip77
LaTeX Font Info:    Try loading font information for OML+zplm on input line 93.

LaTeX Font Info:    <567INP omlzplm.fd> on input line 93.
(/dataLOCAL/texlive/2013/texmf-dist/tex/latex/psnfss/omlzplm.fd
File: omlzplm.fd 2002/09/08 Fontinst v1.914 font definitions for OML/zplm.
)
LaTeX Font Info:    Try loading font information for OMS+zplm on input line 93.

LaTeX Font Info:    <567INP omszplm.fd> on input line 93.
(/dataLOCAL/texlive/2013/texmf-dist/tex/latex/psnfss/omszplm.fd
File: omszplm.fd 2002/09/08 Fontinst v1.914 font definitions for OMS/zplm.
)
LaTeX Font Info:    Try loading font information for OMX+zplm on input line 93.

LaTeX Font Info:    <567INP omxzplm.fd> on input line 93.
(/dataLOCAL/texlive/2013/texmf-dist/tex/latex/psnfss/omxzplm.fd
File: omxzplm.fd 2002/09/08 Fontinst v1.914 font definitions for OMX/zplm.
)
LaTeX Font Info:    Font shape `U/msa/m/n' will be
(Font)              scaled to size 11.40997pt on input line 93.
LaTeX Font Info:    Font shape `U/msa/m/n' will be
(Font)              scaled to size 8.33606pt on input line 93.
LaTeX Font Info:    Font shape `U/msa/m/n' will be
(Font)              scaled to size 6.25204pt on input line 93.
LaTeX Font Info:    Font shape `U/msb/m/n' will be
(Font)              scaled to size 11.40997pt on input line 93.
LaTeX Font Info:    Font shape `U/msb/m/n' will be
(Font)              scaled to size 8.33606pt on input line 93.
LaTeX Font Info:    Font shape `U/msb/m/n' will be
(Font)              scaled to size 6.25204pt on input line 93.
LaTeX Font Info:    Try loading font information for OT1+zplm on input line 93.

LaTeX Font Info:    <567INP ot1zplm.fd> on input line 93.
(/dataLOCAL/texlive/2013/texmf-dist/tex/latex/psnfss/ot1zplm.fd
File: ot1zplm.fd 2002/09/08 Fontinst v1.914 font definitions for OT1/zplm.
)
LaTeX Font Info:    Font shape `OT1/ppl/bx/n' in size <14.4> not available
(Font)              Font shape `OT1/ppl/b/n' tried instead on input line 107.
<789FIG cms_draft_an 0>
<cms_draft_an.pdf, id=113, 455.24379pt x 102.42967pt>
File: cms_draft_an.pdf Graphic file (type pdf)
<use cms_draft_an.pdf>
Package pdftex.def Info: cms_draft_an.pdf used on input line 107.
(pdftex.def)             Requested size: 455.24268pt x 102.42941pt.
LaTeX Font Info:    Font shape `U/msa/m/n' will be
(Font)              scaled to size 12.50409pt on input line 107.
LaTeX Font Info:    Font shape `U/msa/m/n' will be
(Font)              scaled to size 9.37807pt on input line 107.
LaTeX Font Info:    Font shape `U/msa/m/n' will be
(Font)              scaled to size 7.29405pt on input line 107.
LaTeX Font Info:    Font shape `U/msb/m/n' will be
(Font)              scaled to size 12.50409pt on input line 107.
LaTeX Font Info:    Font shape `U/msb/m/n' will be
(Font)              scaled to size 9.37807pt on input line 107.
LaTeX Font Info:    Font shape `U/msb/m/n' will be
(Font)              scaled to size 7.29405pt on input line 107.
\c@c@author=\count153
\c@c@tmp=\count154
\c@c@address=\count155

Overfull \hbox (16.25952pt too wide) in paragraph at lines 107--107
[] [][][] 
 []

<789FIG BigDraft 0>
<BigDraft.pdf, id=121, 597.50829pt x 845.0471pt>
File: BigDraft.pdf Graphic file (type pdf)
<use BigDraft.pdf>
Package pdftex.def Info: BigDraft.pdf used on input line 107.
(pdftex.def)             Requested size: 597.50682pt x 845.04504pt.
[1

{/dataLOCAL/texlive/2013/texmf-var/fonts/map/pdftex/updmap/pdftex.map} </home/e
skandari/MyPHDProjects/My-PHD-Projects/STop/CMSSW_5_3_7_patch1/src/Notes/notes/
general/BigDraft.pdf> </home/eskandari/MyPHDProjects/My-PHD-Projects/STop/CMSSW
_5_3_7_patch1/src/Notes/notes/general/cms_draft_an.pdf>]
<789FIG BigDraft 0>
File: BigDraft.pdf Graphic file (type pdf)
<use BigDraft.pdf>
Package pdftex.def Info: BigDraft.pdf used on input line 107.
(pdftex.def)             Requested size: 597.50682pt x 845.04504pt.
[2

]
<567INP IntroductionMT2>

(/home/eskandari/MyPHDProjects/My-PHD-Projects/STop/CMSSW_5_3_7_patch1/src/Note
s/notes/AN-13-357/trunk/IntroductionMT2.tex
LaTeX Font Info:    Try loading font information for OT1+phv on input line 1.
LaTeX Font Info:    <567INP ot1phv.fd> on input line 1.
(/dataLOCAL/texlive/2013/texmf-dist/tex/latex/psnfss/ot1phv.fd
File: ot1phv.fd 2001/06/04 scalable font definitions for OT1/phv.
)
LaTeX Font Info:    Font shape `OT1/phv/bx/n' in size <14.4> not available
(Font)              Font shape `OT1/phv/b/n' tried instead on input line 1.
)
<567INP MT2Definition>

(/home/eskandari/MyPHDProjects/My-PHD-Projects/STop/CMSSW_5_3_7_patch1/src/Note
s/notes/AN-13-357/trunk/MT2Definition.tex
LaTeX Font Info:    Font shape `U/msa/m/n' will be
(Font)              scaled to size 15.0049pt on input line 2.
LaTeX Font Info:    Font shape `U/msa/m/n' will be
(Font)              scaled to size 10.42007pt on input line 2.
LaTeX Font Info:    Font shape `U/msb/m/n' will be
(Font)              scaled to size 15.0049pt on input line 2.
LaTeX Font Info:    Font shape `U/msb/m/n' will be
(Font)              scaled to size 10.42007pt on input line 2.
LaTeX Font Info:    Font shape `OT1/phv/bx/n' in size <10.95> not available
(Font)              Font shape `OT1/phv/b/n' tried instead on input line 6.
<789FIG BigDraft 0>
File: BigDraft.pdf Graphic file (type pdf)
<use BigDraft.pdf>
Package pdftex.def Info: BigDraft.pdf used on input line 6.
(pdftex.def)             Requested size: 597.50682pt x 845.04504pt.
[1]
Underfull \hbox (badness 10000) in paragraph at lines 17--22

 []

)
<567INP TopRec>

(/home/eskandari/MyPHDProjects/My-PHD-Projects/STop/CMSSW_5_3_7_patch1/src/Note
s/notes/AN-13-357/trunk/TopRec.tex
LaTeX Font Info:    Font shape `OT1/phv/bx/n' in size <10> not available
(Font)              Font shape `OT1/phv/b/n' tried instead on input line 33.
<789FIG BigDraft 0>
File: BigDraft.pdf Graphic file (type pdf)
<use BigDraft.pdf>
Package pdftex.def Info: BigDraft.pdf used on input line 33.
(pdftex.def)             Requested size: 597.50682pt x 845.04504pt.
[2]
LaTeX Font Info:    Font shape `OT1/phv/bx/n' in size <12> not available
(Font)              Font shape `OT1/phv/b/n' tried instead on input line 34.
LaTeX Font Info:    Font shape `OT1/ppl/bx/n' in size <10.95> not available
(Font)              Font shape `OT1/ppl/b/n' tried instead on input line 48.
Missing character: There is no ‚ in font pplr7t!
Missing character: There is no Ä in font pplr7t!
Missing character: There is no ú in font pplr7t!
Missing character: There is no ‚ in font pplr7t!
Missing character: There is no Ä in font pplr7t!
Missing character: There is no ù in font pplr7t!
<789FIG figs/topNjet.pdf 0>
<figs/topNjet.pdf, id=228, 602.25pt x 616.3025pt>
File: figs/topNjet.pdf Graphic file (type pdf)
<use figs/topNjet.pdf>
Package pdftex.def Info: figs/topNjet.pdf used on input line 71.
(pdftex.def)             Requested size: 136.5746pt x 139.76234pt.
<789FIG figs/topNbjet.pdf 0>
<figs/topNbjet.pdf, id=229, 602.25pt x 616.3025pt>
File: figs/topNbjet.pdf Graphic file (type pdf)
<use figs/topNbjet.pdf>
Package pdftex.def Info: figs/topNbjet.pdf used on input line 72.
(pdftex.def)             Requested size: 136.5746pt x 139.76234pt.
<789FIG figs/topPt.pdf 0>
<figs/topPt.pdf, id=230, 602.25pt x 616.3025pt>
File: figs/topPt.pdf Graphic file (type pdf)
<use figs/topPt.pdf>
Package pdftex.def Info: figs/topPt.pdf used on input line 73.
(pdftex.def)             Requested size: 136.5746pt x 139.76234pt.
<789FIG figs/topMT2.pdf 0>
<figs/topMT2.pdf, id=231, 602.25pt x 616.3025pt>
File: figs/topMT2.pdf Graphic file (type pdf)
<use figs/topMT2.pdf>
Package pdftex.def Info: figs/topMT2.pdf used on input line 74.
(pdftex.def)             Requested size: 136.5746pt x 139.76234pt.
<789FIG figs/top_fake_NJets.png 1>
<figs/top_fake_NJets.png, id=233, 786.94pt x 599.23875pt>
File: figs/top_fake_NJets.png Graphic file (type png)
<use figs/top_fake_NJets.png>
Package pdftex.def Info: figs/top_fake_NJets.png used on input line 86.
(pdftex.def)             Requested size: 136.5746pt x 103.99055pt.
<789FIG figs/top_fake_NBJets.png 1>
<figs/top_fake_NBJets.png, id=234, 786.94pt x 599.23875pt>
File: figs/top_fake_NBJets.png Graphic file (type png)
<use figs/top_fake_NBJets.png>
Package pdftex.def Info: figs/top_fake_NBJets.png used on input line 87.
(pdftex.def)             Requested size: 136.5746pt x 103.99055pt.
<789FIG figs/top_fake_MT2.png 1>
<figs/top_fake_MT2.png, id=235, 786.94pt x 599.23875pt>
File: figs/top_fake_MT2.png Graphic file (type png)
<use figs/top_fake_MT2.png>
Package pdftex.def Info: figs/top_fake_MT2.png used on input line 88.
(pdftex.def)             Requested size: 136.5746pt x 103.99055pt.
)
<567INP DataSets>

(/home/eskandari/MyPHDProjects/My-PHD-Projects/STop/CMSSW_5_3_7_patch1/src/Note
s/notes/AN-13-357/trunk/DataSets.tex
<789FIG BigDraft 2>
File: BigDraft.pdf Graphic file (type pdf)
<use BigDraft.pdf>
Package pdftex.def Info: BigDraft.pdf used on input line 6.
(pdftex.def)             Requested size: 597.50682pt x 845.04504pt.
[3]
<789FIG BigDraft 2>
File: BigDraft.pdf Graphic file (type pdf)
<use BigDraft.pdf>
Package pdftex.def Info: BigDraft.pdf used on input line 6.
(pdftex.def)             Requested size: 597.50682pt x 845.04504pt.
[4 </home/eskandari/MyPHDProjects/My-PHD-Projects/STop/CMSSW_5_3_7_patch1/src/N
otes/notes/AN-13-357/trunk/figs/topNjet.pdf> </home/eskandari/MyPHDProjects/My-
PHD-Projects/STop/CMSSW_5_3_7_patch1/src/Notes/notes/AN-13-357/trunk/figs/topNb
jet.pdf> </home/eskandari/MyPHDProjects/My-PHD-Projects/STop/CMSSW_5_3_7_patch1
/src/Notes/notes/AN-13-357/trunk/figs/topPt.pdf> </home/eskandari/MyPHDProjects
/My-PHD-Projects/STop/CMSSW_5_3_7_patch1/src/Notes/notes/AN-13-357/trunk/figs/t
opMT2.pdf> </home/eskandari/MyPHDProjects/My-PHD-Projects/STop/CMSSW_5_3_7_patc
h1/src/Notes/notes/AN-13-357/trunk/figs/top_fake_NJets.png> </home/eskandari/My
PHDProjects/My-PHD-Projects/STop/CMSSW_5_3_7_patch1/src/Notes/notes/AN-13-357/t
runk/figs/top_fake_NBJets.png> </home/eskandari/MyPHDProjects/My-PHD-Projects/S
Top/CMSSW_5_3_7_patch1/src/Notes/notes/AN-13-357/trunk/figs/top_fake_MT2.png>]
Overfull \hbox (7.45895pt too wide) in paragraph at lines 24--92
 [] 
 []

)
<567INP Object>

(/home/eskandari/MyPHDProjects/My-PHD-Projects/STop/CMSSW_5_3_7_patch1/src/Note
s/notes/AN-13-357/trunk/Object.tex
<789FIG BigDraft 2>
File: BigDraft.pdf Graphic file (type pdf)
<use BigDraft.pdf>
Package pdftex.def Info: BigDraft.pdf used on input line 26.
(pdftex.def)             Requested size: 597.50682pt x 845.04504pt.
[5]
<789FIG BigDraft 2>
File: BigDraft.pdf Graphic file (type pdf)
<use BigDraft.pdf>
Package pdftex.def Info: BigDraft.pdf used on input line 29.
(pdftex.def)             Requested size: 597.50682pt x 845.04504pt.
[6]
<789FIG figs/METNoSmearing.png 2>
<figs/METNoSmearing.png, id=285, 598.235pt x 574.145pt>
File: figs/METNoSmearing.png Graphic file (type png)
<use figs/METNoSmearing.png>
Package pdftex.def Info: figs/METNoSmearing.png used on input line 54.
(pdftex.def)             Requested size: 598.23354pt x 574.1436pt.
<789FIG figs/MT2NoSmearing.png 2>
<figs/MT2NoSmearing.png, id=286, 598.235pt x 574.145pt>
File: figs/MT2NoSmearing.png Graphic file (type png)
<use figs/MT2NoSmearing.png>
Package pdftex.def Info: figs/MT2NoSmearing.png used on input line 55.
(pdftex.def)             Requested size: 598.23354pt x 574.1436pt.
<789FIG figs/METSmearedJetMET.png 3>
<figs/METSmearedJetMET.png, id=288, 598.235pt x 574.145pt>
File: figs/METSmearedJetMET.png Graphic file (type png)
<use figs/METSmearedJetMET.png>
Package pdftex.def Info: figs/METSmearedJetMET.png used on input line 66.
(pdftex.def)             Requested size: 598.23354pt x 574.1436pt.
<789FIG figs/MT2SmearedJetMET.png 3>
<figs/MT2SmearedJetMET.png, id=289, 598.235pt x 576.1525pt>
File: figs/MT2SmearedJetMET.png Graphic file (type png)
<use figs/MT2SmearedJetMET.png>
Package pdftex.def Info: figs/MT2SmearedJetMET.png used on input line 67.
(pdftex.def)             Requested size: 598.23354pt x 576.15108pt.
<789FIG BigDraft 4>
File: BigDraft.pdf Graphic file (type pdf)
<use BigDraft.pdf>
Package pdftex.def Info: BigDraft.pdf used on input line 74.
(pdftex.def)             Requested size: 597.50682pt x 845.04504pt.
[7 </home/eskandari/MyPHDProjects/My-PHD-Projects/STop/CMSSW_5_3_7_patch1/src/N
otes/notes/AN-13-357/trunk/figs/METNoSmearing.png> </home/eskandari/MyPHDProjec
ts/My-PHD-Projects/STop/CMSSW_5_3_7_patch1/src/Notes/notes/AN-13-357/trunk/figs
/MT2NoSmearing.png>]
<789FIG BigDraft 4>
File: BigDraft.pdf Graphic file (type pdf)
<use BigDraft.pdf>
Package pdftex.def Info: BigDraft.pdf used on input line 105.
(pdftex.def)             Requested size: 597.50682pt x 845.04504pt.
[8 </home/eskandari/MyPHDProjects/My-PHD-Projects/STop/CMSSW_5_3_7_patch1/src/N
otes/notes/AN-13-357/trunk/figs/METSmearedJetMET.png> </home/eskandari/MyPHDPro
jects/My-PHD-Projects/STop/CMSSW_5_3_7_patch1/src/Notes/notes/AN-13-357/trunk/f
igs/MT2SmearedJetMET.png>])
<567INP TurnOn>

(/home/eskandari/MyPHDProjects/My-PHD-Projects/STop/CMSSW_5_3_7_patch1/src/Note
s/notes/AN-13-357/trunk/TurnOn.tex
<789FIG figs/TriggerDemonstration.pdf 4>
<figs/TriggerDemonstration.pdf, id=318, 569.12625pt x 278.03876pt>
File: figs/TriggerDemonstration.pdf Graphic file (type pdf)
<use figs/TriggerDemonstration.pdf>
Package pdftex.def Info: figs/TriggerDemonstration.pdf used on input line 39.
(pdftex.def)             Requested size: 455.24408pt x 222.41432pt.
<789FIG figs/TriggerDemonstrationEff.pdf 5>
<figs/TriggerDemonstrationEff.pdf, id=321, 569.12625pt x 278.03876pt>
File: figs/TriggerDemonstrationEff.pdf Graphic file (type pdf)
<use figs/TriggerDemonstrationEff.pdf>
Package pdftex.def Info: figs/TriggerDemonstrationEff.pdf used on input line 51
.
(pdftex.def)             Requested size: 455.24408pt x 222.41432pt.
<789FIG BigDraft 6>
File: BigDraft.pdf Graphic file (type pdf)
<use BigDraft.pdf>
Package pdftex.def Info: BigDraft.pdf used on input line 67.
(pdftex.def)             Requested size: 597.50682pt x 845.04504pt.
[9])
<567INP Efficiency>

(/home/eskandari/MyPHDProjects/My-PHD-Projects/STop/CMSSW_5_3_7_patch1/src/Note
s/notes/AN-13-357/trunk/Efficiency.tex
<789FIG BigDraft 6>
File: BigDraft.pdf Graphic file (type pdf)
<use BigDraft.pdf>
Package pdftex.def Info: BigDraft.pdf used on input line 1.
(pdftex.def)             Requested size: 597.50682pt x 845.04504pt.
[10 </home/eskandari/MyPHDProjects/My-PHD-Projects/STop/CMSSW_5_3_7_patch1/src/
Notes/notes/AN-13-357/trunk/figs/TriggerDemonstration.pdf, page is rotated 90 d
egrees>]
<789FIG figs/HT_eff.pdf 6>
<figs/HT_eff.pdf, id=383, 569.12625pt x 548.0475pt>
File: figs/HT_eff.pdf Graphic file (type pdf)
<use figs/HT_eff.pdf>
Package pdftex.def Info: figs/HT_eff.pdf used on input line 7.
(pdftex.def)             Requested size: 569.12486pt x 548.04616pt.
<789FIG figs/multijet_eff.pdf 6>
<figs/multijet_eff.pdf, id=384, 569.12625pt x 548.0475pt>
File: figs/multijet_eff.pdf Graphic file (type pdf)
<use figs/multijet_eff.pdf>
Package pdftex.def Info: figs/multijet_eff.pdf used on input line 8.
(pdftex.def)             Requested size: 569.12486pt x 548.04616pt.
<789FIG figs/SMST2tt_20121114.pdf 7>
<figs/SMST2tt_20121114.pdf, id=385, 569.12625pt x 387.4475pt>
File: figs/SMST2tt_20121114.pdf Graphic file (type pdf)
<use figs/SMST2tt_20121114.pdf>
Package pdftex.def Info: figs/SMST2tt_20121114.pdf used on input line 15.
(pdftex.def)             Requested size: 569.12486pt x 387.44655pt.
)
<567INP Selection>

(/home/eskandari/MyPHDProjects/My-PHD-Projects/STop/CMSSW_5_3_7_patch1/src/Note
s/notes/AN-13-357/trunk/Selection.tex
<789FIG BigDraft 8>
File: BigDraft.pdf Graphic file (type pdf)
<use BigDraft.pdf>
Package pdftex.def Info: BigDraft.pdf used on input line 1.
(pdftex.def)             Requested size: 597.50682pt x 845.04504pt.
[11 </home/eskandari/MyPHDProjects/My-PHD-Projects/STop/CMSSW_5_3_7_patch1/src/
Notes/notes/AN-13-357/trunk/figs/TriggerDemonstrationEff.pdf, page is rotated 9
0 degrees> </home/eskandari/MyPHDProjects/My-PHD-Projects/STop/CMSSW_5_3_7_patc
h1/src/Notes/notes/AN-13-357/trunk/figs/HT_eff.pdf, page is rotated 90 degrees>
 </home/eskandari/MyPHDProjects/My-PHD-Projects/STop/CMSSW_5_3_7_patch1/src/Not
es/notes/AN-13-357/trunk/figs/multijet_eff.pdf, page is rotated 90 degrees>])
<567INP SearchStrategy>

(/home/eskandari/MyPHDProjects/My-PHD-Projects/STop/CMSSW_5_3_7_patch1/src/Note
s/notes/AN-13-357/trunk/SearchStrategy.tex
<789FIG figs/MT2SmearedJetMET.png 8>
File: figs/MT2SmearedJetMET.png Graphic file (type png)
<use figs/MT2SmearedJetMET.png>
Package pdftex.def Info: figs/MT2SmearedJetMET.png used on input line 6.
(pdftex.def)             Requested size: 223.0721pt x 214.83464pt.
<789FIG BigDraft 9>
File: BigDraft.pdf Graphic file (type pdf)
<use BigDraft.pdf>
Package pdftex.def Info: BigDraft.pdf used on input line 17.
(pdftex.def)             Requested size: 597.50682pt x 845.04504pt.
[12 </home/eskandari/MyPHDProjects/My-PHD-Projects/STop/CMSSW_5_3_7_patch1/src/
Notes/notes/AN-13-357/trunk/figs/SMST2tt_20121114.pdf, page is rotated 90 degre
es>])
<567INP QCD>

(/home/eskandari/MyPHDProjects/My-PHD-Projects/STop/CMSSW_5_3_7_patch1/src/Note
s/notes/AN-13-357/trunk/QCD.tex
<789FIG BigDraft 9>
File: BigDraft.pdf Graphic file (type pdf)
<use BigDraft.pdf>
Package pdftex.def Info: BigDraft.pdf used on input line 11.
(pdftex.def)             Requested size: 597.50682pt x 845.04504pt.
[13]
<789FIG QCDFig/qcd_distribution.png 9>
<QCDFig/qcd_distribution.png, id=582, 598.235pt x 473.77pt>
File: QCDFig/qcd_distribution.png Graphic file (type png)
<use QCDFig/qcd_distribution.png>
Package pdftex.def Info: QCDFig/qcd_distribution.png used on input line 16.
(pdftex.def)             Requested size: 223.0721pt x 176.65846pt.
<789FIG QCDFig/sms_distribution.png 9>
<QCDFig/sms_distribution.png, id=583, 598.235pt x 473.77pt>
File: QCDFig/sms_distribution.png Graphic file (type png)
<use QCDFig/sms_distribution.png>
Package pdftex.def Info: QCDFig/sms_distribution.png used on input line 17.
(pdftex.def)             Requested size: 223.0721pt x 176.65846pt.
LaTeX Font Info:    Font shape `U/msa/m/n' will be
(Font)              scaled to size 7.91925pt on input line 60.
LaTeX Font Info:    Font shape `U/msb/m/n' will be
(Font)              scaled to size 7.91925pt on input line 60.
<789FIG BigDraft 10>
File: BigDraft.pdf Graphic file (type pdf)
<use BigDraft.pdf>
Package pdftex.def Info: BigDraft.pdf used on input line 98.
(pdftex.def)             Requested size: 597.50682pt x 845.04504pt.
[14 </home/eskandari/MyPHDProjects/My-PHD-Projects/STop/CMSSW_5_3_7_patch1/src/
Notes/notes/AN-13-357/trunk/QCDFig/qcd_distribution.png> </home/eskandari/MyPHD
Projects/My-PHD-Projects/STop/CMSSW_5_3_7_patch1/src/Notes/notes/AN-13-357/trun
k/QCDFig/sms_distribution.png>]
<789FIG QCDFig/qcd_ratio.png 10>
<QCDFig/qcd_ratio.png, id=602, 598.235pt x 473.77pt>
File: QCDFig/qcd_ratio.png Graphic file (type png)
<use QCDFig/qcd_ratio.png>
Package pdftex.def Info: QCDFig/qcd_ratio.png used on input line 103.
(pdftex.def)             Requested size: 318.66946pt x 252.36923pt.
<789FIG QCDFig/data_ratio.png 11>
<QCDFig/data_ratio.png, id=605, 598.235pt x 473.77pt>
File: QCDFig/data_ratio.png Graphic file (type png)
<use QCDFig/data_ratio.png>
Package pdftex.def Info: QCDFig/data_ratio.png used on input line 128.
(pdftex.def)             Requested size: 223.0721pt x 176.65846pt.
<789FIG QCDFig/data_ratio_zoom.png 11>
<QCDFig/data_ratio_zoom.png, id=606, 598.235pt x 473.77pt>
File: QCDFig/data_ratio_zoom.png Graphic file (type png)
<use QCDFig/data_ratio_zoom.png>
Package pdftex.def Info: QCDFig/data_ratio_zoom.png used on input line 129.
(pdftex.def)             Requested size: 223.0721pt x 176.65846pt.

LaTeX Warning: `h' float specifier changed to `ht'.

<789FIG BigDraft 12>
File: BigDraft.pdf Graphic file (type pdf)
<use BigDraft.pdf>
Package pdftex.def Info: BigDraft.pdf used on input line 175.
(pdftex.def)             Requested size: 597.50682pt x 845.04504pt.
[15 </home/eskandari/MyPHDProjects/My-PHD-Projects/STop/CMSSW_5_3_7_patch1/src/
Notes/notes/AN-13-357/trunk/QCDFig/qcd_ratio.png>]
<789FIG QCDFig/exp_distribution.png 12>
<QCDFig/exp_distribution.png, id=617, 598.235pt x 473.77pt>
File: QCDFig/exp_distribution.png Graphic file (type png)
<use QCDFig/exp_distribution.png>
Package pdftex.def Info: QCDFig/exp_distribution.png used on input line 180.
(pdftex.def)             Requested size: 318.66946pt x 252.36923pt.

LaTeX Warning: `h' float specifier changed to `ht'.

)
<567INP LostLepton>

(/home/eskandari/MyPHDProjects/My-PHD-Projects/STop/CMSSW_5_3_7_patch1/src/Note
s/notes/AN-13-357/trunk/LostLepton.tex
<789FIG BigDraft 13>
File: BigDraft.pdf Graphic file (type pdf)
<use BigDraft.pdf>
Package pdftex.def Info: BigDraft.pdf used on input line 1.
(pdftex.def)             Requested size: 597.50682pt x 845.04504pt.
[16 </home/eskandari/MyPHDProjects/My-PHD-Projects/STop/CMSSW_5_3_7_patch1/src/
Notes/notes/AN-13-357/trunk/QCDFig/data_ratio.png> </home/eskandari/MyPHDProjec
ts/My-PHD-Projects/STop/CMSSW_5_3_7_patch1/src/Notes/notes/AN-13-357/trunk/QCDF
ig/data_ratio_zoom.png> </home/eskandari/MyPHDProjects/My-PHD-Projects/STop/CMS
SW_5_3_7_patch1/src/Notes/notes/AN-13-357/trunk/QCDFig/exp_distribution.png>]
<789FIG llplots_20Invfb/ele_pt.png 13>
<llplots_20Invfb/ele_pt.png, id=625, 598.235pt x 574.145pt>
File: llplots_20Invfb/ele_pt.png Graphic file (type png)
<use llplots_20Invfb/ele_pt.png>
Package pdftex.def Info: llplots_20Invfb/ele_pt.png used on input line 26.
(pdftex.def)             Requested size: 598.23354pt x 574.1436pt.
<789FIG llplots_20Invfb/mu_pt.png 13>
<llplots_20Invfb/mu_pt.png, id=626, 598.235pt x 574.145pt>
File: llplots_20Invfb/mu_pt.png Graphic file (type png)
<use llplots_20Invfb/mu_pt.png>
Package pdftex.def Info: llplots_20Invfb/mu_pt.png used on input line 27.
(pdftex.def)             Requested size: 598.23354pt x 574.1436pt.
<789FIG BigDraft 14>
File: BigDraft.pdf Graphic file (type pdf)
<use BigDraft.pdf>
Package pdftex.def Info: BigDraft.pdf used on input line 40.
(pdftex.def)             Requested size: 597.50682pt x 845.04504pt.
[17 </home/eskandari/MyPHDProjects/My-PHD-Projects/STop/CMSSW_5_3_7_patch1/src/
Notes/notes/AN-13-357/trunk/llplots_20Invfb/ele_pt.png> </home/eskandari/MyPHDP
rojects/My-PHD-Projects/STop/CMSSW_5_3_7_patch1/src/Notes/notes/AN-13-357/trunk
/llplots_20Invfb/mu_pt.png>]
<789FIG llplots_20Invfb/ele_mt.png 14>
<llplots_20Invfb/ele_mt.png, id=634, 598.235pt x 574.145pt>
File: llplots_20Invfb/ele_mt.png Graphic file (type png)
<use llplots_20Invfb/ele_mt.png>
Package pdftex.def Info: llplots_20Invfb/ele_mt.png used on input line 64.
(pdftex.def)             Requested size: 598.23354pt x 574.1436pt.
<789FIG llplots_20Invfb/mu_mt.png 14>
<llplots_20Invfb/mu_mt.png, id=635, 598.235pt x 574.145pt>
File: llplots_20Invfb/mu_mt.png Graphic file (type png)
<use llplots_20Invfb/mu_mt.png>
Package pdftex.def Info: llplots_20Invfb/mu_mt.png used on input line 65.
(pdftex.def)             Requested size: 598.23354pt x 574.1436pt.
<789FIG llplots_20Invfb/ele_ratio.pdf 15>
<llplots_20Invfb/ele_ratio.pdf, id=638, 569.12625pt x 385.44pt>
File: llplots_20Invfb/ele_ratio.pdf Graphic file (type pdf)
<use llplots_20Invfb/ele_ratio.pdf>
Package pdftex.def Info: llplots_20Invfb/ele_ratio.pdf used on input line 77.
(pdftex.def)             Requested size: 569.12486pt x 385.43906pt.
<789FIG llplots_20Invfb/mu_ratio.pdf 15>
<llplots_20Invfb/mu_ratio.pdf, id=639, 569.12625pt x 385.44pt>
File: llplots_20Invfb/mu_ratio.pdf Graphic file (type pdf)
<use llplots_20Invfb/mu_ratio.pdf>
Package pdftex.def Info: llplots_20Invfb/mu_ratio.pdf used on input line 78.
(pdftex.def)             Requested size: 569.12486pt x 385.43906pt.
<789FIG BigDraft 16>
File: BigDraft.pdf Graphic file (type pdf)
<use BigDraft.pdf>
Package pdftex.def Info: BigDraft.pdf used on input line 123.
(pdftex.def)             Requested size: 597.50682pt x 845.04504pt.
[18]
<789FIG BigDraft 16>
File: BigDraft.pdf Graphic file (type pdf)
<use BigDraft.pdf>
Package pdftex.def Info: BigDraft.pdf used on input line 123.
(pdftex.def)             Requested size: 597.50682pt x 845.04504pt.
[19 </home/eskandari/MyPHDProjects/My-PHD-Projects/STop/CMSSW_5_3_7_patch1/src/
Notes/notes/AN-13-357/trunk/llplots_20Invfb/ele_mt.png> </home/eskandari/MyPHDP
rojects/My-PHD-Projects/STop/CMSSW_5_3_7_patch1/src/Notes/notes/AN-13-357/trunk
/llplots_20Invfb/mu_mt.png> </home/eskandari/MyPHDProjects/My-PHD-Projects/STop
/CMSSW_5_3_7_patch1/src/Notes/notes/AN-13-357/trunk/llplots_20Invfb/ele_ratio.p
df, page is rotated 90 degrees> </home/eskandari/MyPHDProjects/My-PHD-Projects/
STop/CMSSW_5_3_7_patch1/src/Notes/notes/AN-13-357/trunk/llplots_20Invfb/mu_rati
o.pdf, page is rotated 90 degrees>])
<567INP Tau>

(/home/eskandari/MyPHDProjects/My-PHD-Projects/STop/CMSSW_5_3_7_patch1/src/Note
s/notes/AN-13-357/trunk/Tau.tex
<789FIG figs/MT2Tau.png 16>
<figs/MT2Tau.png, id=742, 598.235pt x 574.145pt>
File: figs/MT2Tau.png Graphic file (type png)
<use figs/MT2Tau.png>
Package pdftex.def Info: figs/MT2Tau.png used on input line 25.
(pdftex.def)             Requested size: 223.0721pt x 214.0861pt.
Missing character: There is no † in font pplr7t!
Missing character: There is no † in font pplr7t!
Missing character: There is no † in font pplr7t!
)
<567INP Znunu>

(/home/eskandari/MyPHDProjects/My-PHD-Projects/STop/CMSSW_5_3_7_patch1/src/Note
s/notes/AN-13-357/trunk/Znunu.tex
<789FIG BigDraft 17>
File: BigDraft.pdf Graphic file (type pdf)
<use BigDraft.pdf>
Package pdftex.def Info: BigDraft.pdf used on input line 7.
(pdftex.def)             Requested size: 597.50682pt x 845.04504pt.
[20]
Overfull \hbox (13.15218pt too wide) in paragraph at lines 12--19
\OMS/zplm/m/n/10.95 ^^O \OML/zplm/m/it/10.95 ^^O[]$ \OT1/ppl/m/n/10.95 is the m
uon re-con-struc-tion and iso-la-tion ef-fi-ciency, taken from data us-ing the 
Tag&Probe
 []


Underfull \hbox (badness 10000) in paragraph at lines 12--19

 []

<789FIG BigDraft 17>
File: BigDraft.pdf Graphic file (type pdf)
<use BigDraft.pdf>
Package pdftex.def Info: BigDraft.pdf used on input line 19.
(pdftex.def)             Requested size: 597.50682pt x 845.04504pt.
[21 </home/eskandari/MyPHDProjects/My-PHD-Projects/STop/CMSSW_5_3_7_patch1/src/
Notes/notes/AN-13-357/trunk/figs/MT2Tau.png>]
<789FIG figs/Lept_Pt_0b_Mod.png 17>
<figs/Lept_Pt_0b_Mod.png, id=767, 1185.42876pt x 718.685pt>
File: figs/Lept_Pt_0b_Mod.png Graphic file (type png)
<use figs/Lept_Pt_0b_Mod.png>
Package pdftex.def Info: figs/Lept_Pt_0b_Mod.png used on input line 24.
(pdftex.def)             Requested size: 1185.42586pt x 718.68324pt.
<789FIG figs/MT2_0b_Mod.png 17>
<figs/MT2_0b_Mod.png, id=768, 1185.42876pt x 718.685pt>
File: figs/MT2_0b_Mod.png Graphic file (type png)
<use figs/MT2_0b_Mod.png>
Package pdftex.def Info: figs/MT2_0b_Mod.png used on input line 25.
(pdftex.def)             Requested size: 1185.42586pt x 718.68324pt.

Overfull \hbox (19.99878pt too wide) in paragraph at lines 22--28
 []$ 
 []

<789FIG figs/MT_0b_Mod.png 17>
<figs/MT_0b_Mod.png, id=769, 1185.42876pt x 718.685pt>
File: figs/MT_0b_Mod.png Graphic file (type png)
<use figs/MT_0b_Mod.png>
Package pdftex.def Info: figs/MT_0b_Mod.png used on input line 31.
(pdftex.def)             Requested size: 1185.42586pt x 718.68324pt.
<789FIG BigDraft 18>
File: BigDraft.pdf Graphic file (type pdf)
<use BigDraft.pdf>
Package pdftex.def Info: BigDraft.pdf used on input line 92.
(pdftex.def)             Requested size: 597.50682pt x 845.04504pt.
[22 </home/eskandari/MyPHDProjects/My-PHD-Projects/STop/CMSSW_5_3_7_patch1/src/
Notes/notes/AN-13-357/trunk/figs/Lept_Pt_0b_Mod.png> </home/eskandari/MyPHDProj
ects/My-PHD-Projects/STop/CMSSW_5_3_7_patch1/src/Notes/notes/AN-13-357/trunk/fi
gs/MT2_0b_Mod.png> </home/eskandari/MyPHDProjects/My-PHD-Projects/STop/CMSSW_5_
3_7_patch1/src/Notes/notes/AN-13-357/trunk/figs/MT_0b_Mod.png>]
<789FIG figs/Lept_Pt_1b_Mod.png 18>
<figs/Lept_Pt_1b_Mod.png, id=784, 1185.42876pt x 718.685pt>
File: figs/Lept_Pt_1b_Mod.png Graphic file (type png)
<use figs/Lept_Pt_1b_Mod.png>
Package pdftex.def Info: figs/Lept_Pt_1b_Mod.png used on input line 100.
(pdftex.def)             Requested size: 1185.42586pt x 718.68324pt.
<789FIG figs/MT2_1b_Mod.png 18>
<figs/MT2_1b_Mod.png, id=785, 1185.42876pt x 718.685pt>
File: figs/MT2_1b_Mod.png Graphic file (type png)
<use figs/MT2_1b_Mod.png>
Package pdftex.def Info: figs/MT2_1b_Mod.png used on input line 101.
(pdftex.def)             Requested size: 1185.42586pt x 718.68324pt.

Overfull \hbox (19.99878pt too wide) in paragraph at lines 98--104
 []$ 
 []

<789FIG figs/MT_1b_Mod.png 18>
<figs/MT_1b_Mod.png, id=786, 1185.42876pt x 718.685pt>
File: figs/MT_1b_Mod.png Graphic file (type png)
<use figs/MT_1b_Mod.png>
Package pdftex.def Info: figs/MT_1b_Mod.png used on input line 107.
(pdftex.def)             Requested size: 1185.42586pt x 718.68324pt.

LaTeX Warning: `!h' float specifier changed to `!ht'.

<789FIG BigDraft 19>
File: BigDraft.pdf Graphic file (type pdf)
<use BigDraft.pdf>
Package pdftex.def Info: BigDraft.pdf used on input line 164.
(pdftex.def)             Requested size: 597.50682pt x 845.04504pt.
[23]
Underfull \hbox (badness 10000) in paragraph at lines 166--169

 []

)
<567INP Statistics>

(/home/eskandari/MyPHDProjects/My-PHD-Projects/STop/CMSSW_5_3_7_patch1/src/Note
s/notes/AN-13-357/trunk/Statistics.tex
<789FIG BigDraft 19>
File: BigDraft.pdf Graphic file (type pdf)
<use BigDraft.pdf>
Package pdftex.def Info: BigDraft.pdf used on input line 8.
(pdftex.def)             Requested size: 597.50682pt x 845.04504pt.
[24 </home/eskandari/MyPHDProjects/My-PHD-Projects/STop/CMSSW_5_3_7_patch1/src/
Notes/notes/AN-13-357/trunk/figs/Lept_Pt_1b_Mod.png> </home/eskandari/MyPHDProj
ects/My-PHD-Projects/STop/CMSSW_5_3_7_patch1/src/Notes/notes/AN-13-357/trunk/fi
gs/MT2_1b_Mod.png> </home/eskandari/MyPHDProjects/My-PHD-Projects/STop/CMSSW_5_
3_7_patch1/src/Notes/notes/AN-13-357/trunk/figs/MT_1b_Mod.png>]
<789FIG StatisticsFig/Exc_131030_196ifb.png 19>
<StatisticsFig/Exc_131030_196ifb.png, id=811, 798.985pt x 574.145pt>
File: StatisticsFig/Exc_131030_196ifb.png Graphic file (type png)
<use StatisticsFig/Exc_131030_196ifb.png>
Package pdftex.def Info: StatisticsFig/Exc_131030_196ifb.png used on input line
 50.
(pdftex.def)             Requested size: 409.71689pt x 294.42204pt.

LaTeX Warning: `h' float specifier changed to `ht'.

)
<567INP Conclusion>

(/home/eskandari/MyPHDProjects/My-PHD-Projects/STop/CMSSW_5_3_7_patch1/src/Note
s/notes/AN-13-357/trunk/Conclusion.tex
<789FIG BigDraft 20>
File: BigDraft.pdf Graphic file (type pdf)
<use BigDraft.pdf>
Package pdftex.def Info: BigDraft.pdf used on input line 1.
(pdftex.def)             Requested size: 597.50682pt x 845.04504pt.
[25])
<567INP AN-13-357_temp.bbl>

(/home/eskandari/MyPHDProjects/My-PHD-Projects/STop/CMSSW_5_3_7_patch1/src/Note
s/notes/tmp/AN-13-357_temp.bbl
LaTeX Font Info:    Try loading font information for OT1+pcr on input line 10.
LaTeX Font Info:    <567INP ot1pcr.fd> on input line 10.
(/dataLOCAL/texlive/2013/texmf-dist/tex/latex/psnfss/ot1pcr.fd
File: ot1pcr.fd 2001/06/04 font definitions for OT1/pcr.
)
<789FIG BigDraft 20>
File: BigDraft.pdf Graphic file (type pdf)
<use BigDraft.pdf>
Package pdftex.def Info: BigDraft.pdf used on input line 12.
(pdftex.def)             Requested size: 597.50682pt x 845.04504pt.
[26 </home/eskandari/MyPHDProjects/My-PHD-Projects/STop/CMSSW_5_3_7_patch1/src/
Notes/notes/AN-13-357/trunk/StatisticsFig/Exc_131030_196ifb.png>]
<789FIG BigDraft 20>
File: BigDraft.pdf Graphic file (type pdf)
<use BigDraft.pdf>
Package pdftex.def Info: BigDraft.pdf used on input line 119.
(pdftex.def)             Requested size: 597.50682pt x 845.04504pt.
[27])
Package atveryend Info: Empty hook `BeforeClearDocument' on input line 134.
<789FIG BigDraft 20>
File: BigDraft.pdf Graphic file (type pdf)
<use BigDraft.pdf>
Package pdftex.def Info: BigDraft.pdf used on input line 134.
(pdftex.def)             Requested size: 597.50682pt x 845.04504pt.
[28]
Package atveryend Info: Empty hook `AfterLastShipout' on input line 134.

(/home/eskandari/MyPHDProjects/My-PHD-Projects/STop/CMSSW_5_3_7_patch1/src/Note
s/notes/tmp/AN-13-357_temp.aux)
Package atveryend Info: Executing hook `AtVeryEndDocument' on input line 134.
Package atveryend Info: Executing hook `AtEndAfterFileList' on input line 134.
Package rerunfilecheck Info: File `AN-13-357_temp.out' has not changed.
(rerunfilecheck)             Checksum: 323926D33850A4A902739EDE36FA4973;1827.
Package atveryend Info: Empty hook `AtVeryVeryEnd' on input line 134.
 ) 
Here is how much of TeX's memory you used:
 10797 strings out of 493315
 158952 string characters out of 6137910
 270196 words of memory out of 5000000
 13788 multiletter control sequences out of 15000+600000
 69771 words of font info for 174 fonts, out of 8000000 for 9000
 960 hyphenation exceptions out of 8191
 51i,16n,45p,1293b,548s stack positions out of 5000i,500n,10000p,200000b,80000s
{/dataLOCAL/texlive/2013/texmf-dist/fonts/enc/dvips/base/8r.enc}</dataLOCAL/t
exlive/2013/texmf-dist/fonts/type1/public/amsfonts/cm/cmex10.pfb></dataLOCAL/te
xlive/2013/texmf-dist/fonts/type1/public/amsfonts/cm/cmmi10.pfb></dataLOCAL/tex
live/2013/texmf-dist/fonts/type1/public/amsfonts/cm/cmr10.pfb></dataLOCAL/texli
ve/2013/texmf-dist/fonts/type1/public/amsfonts/cm/cmsy10.pfb></dataLOCAL/texliv
e/2013/texmf-dist/fonts/type1/public/mathpazo/fplmr.pfb></dataLOCAL/texlive/201
3/texmf-dist/fonts/type1/public/mathpazo/fplmri.pfb></dataLOCAL/texlive/2013/te
xmf-dist/fonts/type1/urw/courier/ucrr8a.pfb></dataLOCAL/texlive/2013/texmf-dist
/fonts/type1/urw/helvetic/uhvb8a.pfb></dataLOCAL/texlive/2013/texmf-dist/fonts/
type1/urw/helvetic/uhvr8a.pfb></dataLOCAL/texlive/2013/texmf-dist/fonts/type1/u
rw/palatino/uplb8a.pfb></dataLOCAL/texlive/2013/texmf-dist/fonts/type1/urw/pala
tino/uplbi8a.pfb></dataLOCAL/texlive/2013/texmf-dist/fonts/type1/urw/palatino/u
plr8a.pfb></dataLOCAL/texlive/2013/texmf-dist/fonts/type1/urw/palatino/uplri8a.
pfb>
Output written on AN-13-357_temp.pdf (30 pages, 876853 bytes).
PDF statistics:
 958 PDF objects out of 1000 (max. 8388607)
 665 compressed objects within 7 object streams
 141 named destinations out of 1000 (max. 500000)
 407 words of extra memory for PDF output out of 10000 (max. 10000000)

