\BOOKMARK [1][-]{section.1}{1 Introduction}{}% 1
\BOOKMARK [1][-]{section.2}{2 The definition of MT2}{}% 2
\BOOKMARK [1][-]{section.3}{3 Top Reconstruction}{}% 3
\BOOKMARK [2][-]{subsection.3.1}{3.1 Performance of the Algorithm}{section.3}% 4
\BOOKMARK [1][-]{section.4}{4 Datasets and MC samples}{}% 5
\BOOKMARK [1][-]{section.5}{5 Physics Object Definition and Preselections}{}% 6
\BOOKMARK [2][-]{subsection.5.1}{5.1 PF Jets}{section.5}% 7
\BOOKMARK [2][-]{subsection.5.2}{5.2 PF Electrons}{section.5}% 8
\BOOKMARK [2][-]{subsection.5.3}{5.3 PF Muons}{section.5}% 9
\BOOKMARK [2][-]{subsection.5.4}{5.4 PF Taus}{section.5}% 10
\BOOKMARK [2][-]{subsection.5.5}{5.5 PF MET}{section.5}% 11
\BOOKMARK [2][-]{subsection.5.6}{5.6 Jet/MET Smearing}{section.5}% 12
\BOOKMARK [2][-]{subsection.5.7}{5.7 Preselections: The filters against the noises and the instrumental effects}{section.5}% 13
\BOOKMARK [2][-]{subsection.5.8}{5.8 MT2b Cuts}{section.5}% 14
\BOOKMARK [1][-]{section.6}{6 Trigger}{}% 15
\BOOKMARK [2][-]{subsection.6.1}{6.1 Trigger Study}{section.6}% 16
\BOOKMARK [2][-]{subsection.6.2}{6.2 Trigger Selection}{section.6}% 17
\BOOKMARK [1][-]{section.7}{7 Selection Cuts}{}% 18
\BOOKMARK [1][-]{section.8}{8 Search Strategy}{}% 19
\BOOKMARK [1][-]{section.9}{9 Backgrounds}{}% 20
\BOOKMARK [2][-]{subsection.9.1}{9.1 QCD Estimation}{section.9}% 21
\BOOKMARK [2][-]{subsection.9.2}{9.2 Data-Driven Estimation of Lost Lepton from W+jets and Top}{section.9}% 22
\BOOKMARK [2][-]{subsection.9.3}{9.3 Estimation of the Tau Leptons}{section.9}% 23
\BOOKMARK [2][-]{subsection.9.4}{9.4 Estimation of Invisible Z Background from Data Using W +jets Events}{section.9}% 24
\BOOKMARK [1][-]{section.10}{10 Statistics}{}% 25
\BOOKMARK [1][-]{section.11}{11 Conclusion}{}% 26
\BOOKMARK [1][-]{section.12}{12 Acknowledgements}{}% 27
